#
# There is insufficient memory for the Java Runtime Environment to continue.
# Native memory allocation (mmap) failed to map 131596288 bytes for committing reserved memory.
# Possible reasons:
#   The system is out of physical RAM or swap space
#   In 32 bit mode, the process size limit was hit
# Possible solutions:
#   Reduce memory load on the system
#   Increase physical memory or swap space
#   Check if swap backing store is full
#   Use 64 bit Java on a 64 bit OS
#   Decrease Java heap size (-Xmx/-Xms)
#   Decrease number of Java threads
#   Decrease Java thread stack sizes (-Xss)
#   Set larger code cache with -XX:ReservedCodeCacheSize=
# This output file may be truncated or incomplete.
#
#  Out of Memory Error (os_linux.cpp:2627), pid=108386, tid=0x00007f1201864700
#
# JRE version:  (8.0_111-b14) (build )
# Java VM: Java HotSpot(TM) 64-Bit Server VM (25.111-b14 mixed mode linux-amd64 compressed oops)
# Failed to write core dump. Core dumps have been disabled. To enable core dumping, try "ulimit -c unlimited" before starting Java again
#

---------------  T H R E A D  ---------------

Current thread (0x00007f11f800a000):  JavaThread "Unknown thread" [_thread_in_vm, id=108397, stack(0x00007f1201764000,0x00007f1201865000)]

Stack: [0x00007f1201764000,0x00007f1201865000],  sp=0x00007f1201863380,  free space=1020k
Native frames: (J=compiled Java code, j=interpreted, Vv=VM code, C=native code)
V  [libjvm.so+0xac5c2a]  VMError::report_and_die()+0x2ba
V  [libjvm.so+0x4fc50b]  report_vm_out_of_memory(char const*, int, unsigned long, VMErrorType, char const*)+0x8b
V  [libjvm.so+0x922ae3]  os::Linux::commit_memory_impl(char*, unsigned long, bool)+0x103
V  [libjvm.so+0x923039]  os::pd_commit_memory(char*, unsigned long, unsigned long, bool)+0x29
V  [libjvm.so+0x91d33a]  os::commit_memory(char*, unsigned long, unsigned long, bool)+0x2a
V  [libjvm.so+0x991ac3]  PSVirtualSpace::expand_by(unsigned long)+0x53
V  [libjvm.so+0x981bd7]  PSOldGen::initialize(ReservedSpace, unsigned long, char const*, int)+0xb7
V  [libjvm.so+0x2d88ea]  AdjoiningGenerations::AdjoiningGenerations(ReservedSpace, GenerationSizer*, unsigned long)+0x39a
V  [libjvm.so+0x945e96]  ParallelScavengeHeap::initialize()+0x1d6
V  [libjvm.so+0xa8dd53]  Universe::initialize_heap()+0xf3
V  [libjvm.so+0xa8e2be]  universe_init()+0x3e
V  [libjvm.so+0x63c925]  init_globals()+0x65
V  [libjvm.so+0xa719be]  Threads::create_vm(JavaVMInitArgs*, bool*)+0x23e
V  [libjvm.so+0x6d11c4]  JNI_CreateJavaVM+0x74
C  [libjli.so+0x745e]  JavaMain+0x9e
C  [libpthread.so.0+0x8184]  start_thread+0xc4


---------------  P R O C E S S  ---------------

Java Threads: ( => current thread )

Other Threads:

=>0x00007f11f800a000 (exited) JavaThread "Unknown thread" [_thread_in_vm, id=108397, stack(0x00007f1201764000,0x00007f1201865000)]

VM state:not at safepoint (not fully initialized)

VM Mutex/Monitor currently owned by a thread: None

GC Heap History (0 events):
No events

Deoptimization events (0 events):
No events

Internal exceptions (0 events):
No events

Events (0 events):
No events


Dynamic libraries:
00400000-00401000 r-xp 00000000 fc:00 2636605                            /usr/lib/jvm/java-8-oracle/bin/java
00600000-00601000 rw-p 00000000 fc:00 2636605                            /usr/lib/jvm/java-8-oracle/bin/java
02271000-02292000 rw-p 00000000 00:00 0                                  [heap]
70c580000-781800000 ---p 00000000 00:00 0 
781800000-785680000 rw-p 00000000 00:00 0 
785680000-7c0000000 ---p 00000000 00:00 0 
7f11e9000000-7f11e9270000 rwxp 00000000 00:00 0 
7f11e9270000-7f11f8000000 ---p 00000000 00:00 0 
7f11f8000000-7f11f8032000 rw-p 00000000 00:00 0 
7f11f8032000-7f11fc000000 ---p 00000000 00:00 0 
7f11fdcb1000-7f11fdf38000 rw-p 00000000 00:00 0 
7f11fdf38000-7f11fe320000 ---p 00000000 00:00 0 
7f11fe320000-7f11fe340000 rw-p 00000000 00:00 0 
7f11fe340000-7f11fe514000 ---p 00000000 00:00 0 
7f11fe514000-7f11fe51f000 rw-p 00000000 00:00 0 
7f11fe51f000-7f11fe8d5000 ---p 00000000 00:00 0 
7f11fe8d5000-7f11fe8ef000 r-xp 00000000 fc:00 2637183                    /usr/lib/jvm/java-8-oracle/jre/lib/amd64/libzip.so
7f11fe8ef000-7f11feaef000 ---p 0001a000 fc:00 2637183                    /usr/lib/jvm/java-8-oracle/jre/lib/amd64/libzip.so
7f11feaef000-7f11feaf0000 rw-p 0001a000 fc:00 2637183                    /usr/lib/jvm/java-8-oracle/jre/lib/amd64/libzip.so
7f11feaf0000-7f11feafa000 r-xp 00000000 fc:00 2758377                    /lib/x86_64-linux-gnu/libnss_files-2.19.so
7f11feafa000-7f11fecf9000 ---p 0000a000 fc:00 2758377                    /lib/x86_64-linux-gnu/libnss_files-2.19.so
7f11fecf9000-7f11fecfa000 r--p 00009000 fc:00 2758377                    /lib/x86_64-linux-gnu/libnss_files-2.19.so
7f11fecfa000-7f11fecfb000 rw-p 0000a000 fc:00 2758377                    /lib/x86_64-linux-gnu/libnss_files-2.19.so
7f11fecfb000-7f11fed06000 r-xp 00000000 fc:00 2758369                    /lib/x86_64-linux-gnu/libnss_nis-2.19.so
7f11fed06000-7f11fef05000 ---p 0000b000 fc:00 2758369                    /lib/x86_64-linux-gnu/libnss_nis-2.19.so
7f11fef05000-7f11fef06000 r--p 0000a000 fc:00 2758369                    /lib/x86_64-linux-gnu/libnss_nis-2.19.so
7f11fef06000-7f11fef07000 rw-p 0000b000 fc:00 2758369                    /lib/x86_64-linux-gnu/libnss_nis-2.19.so
7f11fef07000-7f11fef1e000 r-xp 00000000 fc:00 2758365                    /lib/x86_64-linux-gnu/libnsl-2.19.so
7f11fef1e000-7f11ff11d000 ---p 00017000 fc:00 2758365                    /lib/x86_64-linux-gnu/libnsl-2.19.so
7f11ff11d000-7f11ff11e000 r--p 00016000 fc:00 2758365                    /lib/x86_64-linux-gnu/libnsl-2.19.so
7f11ff11e000-7f11ff11f000 rw-p 00017000 fc:00 2758365                    /lib/x86_64-linux-gnu/libnsl-2.19.so
7f11ff11f000-7f11ff121000 rw-p 00000000 00:00 0 
7f11ff121000-7f11ff12a000 r-xp 00000000 fc:00 2758364                    /lib/x86_64-linux-gnu/libnss_compat-2.19.so
7f11ff12a000-7f11ff329000 ---p 00009000 fc:00 2758364                    /lib/x86_64-linux-gnu/libnss_compat-2.19.so
7f11ff329000-7f11ff32a000 r--p 00008000 fc:00 2758364                    /lib/x86_64-linux-gnu/libnss_compat-2.19.so
7f11ff32a000-7f11ff32b000 rw-p 00009000 fc:00 2758364                    /lib/x86_64-linux-gnu/libnss_compat-2.19.so
7f11ff32b000-7f11ff356000 r-xp 00000000 fc:00 2637217                    /usr/lib/jvm/java-8-oracle/jre/lib/amd64/libjava.so
7f11ff356000-7f11ff555000 ---p 0002b000 fc:00 2637217                    /usr/lib/jvm/java-8-oracle/jre/lib/amd64/libjava.so
7f11ff555000-7f11ff557000 rw-p 0002a000 fc:00 2637217                    /usr/lib/jvm/java-8-oracle/jre/lib/amd64/libjava.so
7f11ff557000-7f11ff564000 r-xp 00000000 fc:00 2637229                    /usr/lib/jvm/java-8-oracle/jre/lib/amd64/libverify.so
7f11ff564000-7f11ff763000 ---p 0000d000 fc:00 2637229                    /usr/lib/jvm/java-8-oracle/jre/lib/amd64/libverify.so
7f11ff763000-7f11ff765000 rw-p 0000c000 fc:00 2637229                    /usr/lib/jvm/java-8-oracle/jre/lib/amd64/libverify.so
7f11ff765000-7f11ff76c000 r-xp 00000000 fc:00 2758373                    /lib/x86_64-linux-gnu/librt-2.19.so
7f11ff76c000-7f11ff96b000 ---p 00007000 fc:00 2758373                    /lib/x86_64-linux-gnu/librt-2.19.so
7f11ff96b000-7f11ff96c000 r--p 00006000 fc:00 2758373                    /lib/x86_64-linux-gnu/librt-2.19.so
7f11ff96c000-7f11ff96d000 rw-p 00007000 fc:00 2758373                    /lib/x86_64-linux-gnu/librt-2.19.so
7f11ff96d000-7f11ffa72000 r-xp 00000000 fc:00 2758359                    /lib/x86_64-linux-gnu/libm-2.19.so
7f11ffa72000-7f11ffc71000 ---p 00105000 fc:00 2758359                    /lib/x86_64-linux-gnu/libm-2.19.so
7f11ffc71000-7f11ffc72000 r--p 00104000 fc:00 2758359                    /lib/x86_64-linux-gnu/libm-2.19.so
7f11ffc72000-7f11ffc73000 rw-p 00105000 fc:00 2758359                    /lib/x86_64-linux-gnu/libm-2.19.so
7f11ffc73000-7f1200940000 r-xp 00000000 fc:00 2637213                    /usr/lib/jvm/java-8-oracle/jre/lib/amd64/server/libjvm.so
7f1200940000-7f1200b3f000 ---p 00ccd000 fc:00 2637213                    /usr/lib/jvm/java-8-oracle/jre/lib/amd64/server/libjvm.so
7f1200b3f000-7f1200c18000 rw-p 00ccc000 fc:00 2637213                    /usr/lib/jvm/java-8-oracle/jre/lib/amd64/server/libjvm.so
7f1200c18000-7f1200c63000 rw-p 00000000 00:00 0 
7f1200c63000-7f1200e1d000 r-xp 00000000 fc:00 2758374                    /lib/x86_64-linux-gnu/libc-2.19.so
7f1200e1d000-7f120101d000 ---p 001ba000 fc:00 2758374                    /lib/x86_64-linux-gnu/libc-2.19.so
7f120101d000-7f1201021000 r--p 001ba000 fc:00 2758374                    /lib/x86_64-linux-gnu/libc-2.19.so
7f1201021000-7f1201023000 rw-p 001be000 fc:00 2758374                    /lib/x86_64-linux-gnu/libc-2.19.so
7f1201023000-7f1201028000 rw-p 00000000 00:00 0 
7f1201028000-7f120102b000 r-xp 00000000 fc:00 2758361                    /lib/x86_64-linux-gnu/libdl-2.19.so
7f120102b000-7f120122a000 ---p 00003000 fc:00 2758361                    /lib/x86_64-linux-gnu/libdl-2.19.so
7f120122a000-7f120122b000 r--p 00002000 fc:00 2758361                    /lib/x86_64-linux-gnu/libdl-2.19.so
7f120122b000-7f120122c000 rw-p 00003000 fc:00 2758361                    /lib/x86_64-linux-gnu/libdl-2.19.so
7f120122c000-7f1201241000 r-xp 00000000 fc:00 2890300                    /usr/lib/jvm/java-8-oracle/lib/amd64/jli/libjli.so
7f1201241000-7f1201441000 ---p 00015000 fc:00 2890300                    /usr/lib/jvm/java-8-oracle/lib/amd64/jli/libjli.so
7f1201441000-7f1201442000 rw-p 00015000 fc:00 2890300                    /usr/lib/jvm/java-8-oracle/lib/amd64/jli/libjli.so
7f1201442000-7f120145b000 r-xp 00000000 fc:00 2758366                    /lib/x86_64-linux-gnu/libpthread-2.19.so
7f120145b000-7f120165a000 ---p 00019000 fc:00 2758366                    /lib/x86_64-linux-gnu/libpthread-2.19.so
7f120165a000-7f120165b000 r--p 00018000 fc:00 2758366                    /lib/x86_64-linux-gnu/libpthread-2.19.so
7f120165b000-7f120165c000 rw-p 00019000 fc:00 2758366                    /lib/x86_64-linux-gnu/libpthread-2.19.so
7f120165c000-7f1201660000 rw-p 00000000 00:00 0 
7f1201660000-7f1201683000 r-xp 00000000 fc:00 2758367                    /lib/x86_64-linux-gnu/ld-2.19.so
7f1201764000-7f1201767000 ---p 00000000 00:00 0 
7f1201767000-7f1201869000 rw-p 00000000 00:00 0                          [stack:108397]
7f1201873000-7f1201876000 rw-p 00000000 00:00 0 
7f1201876000-7f120187e000 rw-s 00000000 fc:00 1346727                    /tmp/hsperfdata_root/108386
7f120187e000-7f120187f000 rw-p 00000000 00:00 0 
7f120187f000-7f1201880000 r--p 00000000 00:00 0 
7f1201880000-7f1201882000 rw-p 00000000 00:00 0 
7f1201882000-7f1201883000 r--p 00022000 fc:00 2758367                    /lib/x86_64-linux-gnu/ld-2.19.so
7f1201883000-7f1201884000 rw-p 00023000 fc:00 2758367                    /lib/x86_64-linux-gnu/ld-2.19.so
7f1201884000-7f1201885000 rw-p 00000000 00:00 0 
7ffd66528000-7ffd66549000 rw-p 00000000 00:00 0                          [stack]
7ffd66560000-7ffd66562000 r--p 00000000 00:00 0                          [vvar]
7ffd66562000-7ffd66564000 r-xp 00000000 00:00 0                          [vdso]
ffffffffff600000-ffffffffff601000 r-xp 00000000 00:00 0                  [vsyscall]

VM Arguments:
jvm_args: -Dclassworlds.conf=/usr/share/maven/bin/m2.conf -Dmaven.home=/usr/share/maven 
java_command: org.codehaus.plexus.classworlds.launcher.Launcher -f /home/ubuntu/research/commons-text/pom.xml test
java_class_path (initial): /usr/share/maven/boot/plexus-classworlds-2.x.jar
Launcher Type: SUN_STANDARD

Environment Variables:
JAVA_HOME=/usr/lib/jvm/java-8-oracle
PATH=/opt/bin:/opt/bin:/opt/bin:/opt/bin:/opt/bin:/opt/bin:/usr/local/sbin:/usr/local/bin:/usr/sbin:/usr/bin:/sbin:/bin:/usr/games:/usr/local/games
LD_LIBRARY_PATH=/home/ubuntu/tools/idea-IU-162.2032.8/bin:
SHELL=/bin/bash
DISPLAY=:0

Signal Handlers:
SIGSEGV: [libjvm.so+0xac64b0], sa_mask[0]=11111111011111111101111111111110, sa_flags=SA_RESTART|SA_SIGINFO
SIGBUS: [libjvm.so+0xac64b0], sa_mask[0]=11111111011111111101111111111110, sa_flags=SA_RESTART|SA_SIGINFO
SIGFPE: [libjvm.so+0x91f950], sa_mask[0]=11111111011111111101111111111110, sa_flags=SA_RESTART|SA_SIGINFO
SIGPIPE: [libjvm.so+0x91f950], sa_mask[0]=11111111011111111101111111111110, sa_flags=SA_RESTART|SA_SIGINFO
SIGXFSZ: [libjvm.so+0x91f950], sa_mask[0]=11111111011111111101111111111110, sa_flags=SA_RESTART|SA_SIGINFO
SIGILL: [libjvm.so+0x91f950], sa_mask[0]=11111111011111111101111111111110, sa_flags=SA_RESTART|SA_SIGINFO
SIGUSR1: SIG_DFL, sa_mask[0]=00000000000000000000000000000000, sa_flags=none
SIGUSR2: [libjvm.so+0x920f80], sa_mask[0]=00100000000000000000000000000000, sa_flags=SA_RESTART|SA_SIGINFO
SIGHUP: SIG_DFL, sa_mask[0]=00000000000000000000000000000000, sa_flags=none
SIGINT: SIG_DFL, sa_mask[0]=00000000000000000000000000000000, sa_flags=none
SIGTERM: SIG_DFL, sa_mask[0]=00000000000000000000000000000000, sa_flags=none
SIGQUIT: SIG_DFL, sa_mask[0]=00000000000000000000000000000000, sa_flags=none


---------------  S Y S T E M  ---------------

OS:DISTRIB_ID=Ubuntu
DISTRIB_RELEASE=14.04
DISTRIB_CODENAME=trusty
DISTRIB_DESCRIPTION="Ubuntu 14.04.4 LTS"

uname:Linux 4.2.0-27-generic #32~14.04.1-Ubuntu SMP Fri Jan 22 15:32:26 UTC 2016 x86_64
libc:glibc 2.19 NPTL 2.19 
rlimit: STACK 8192k, CORE 0k, NPROC 47909, NOFILE 4096, AS infinity
load average:26.83 25.37 24.20

/proc/meminfo:
MemTotal:       12287036 kB
MemFree:           72056 kB
MemAvailable:      93948 kB
Buffers:            2060 kB
Cached:            23384 kB
SwapCached:        10972 kB
Active:         10408952 kB
Inactive:        1127672 kB
Active(anon):   10394356 kB
Inactive(anon):  1118524 kB
Active(file):      14596 kB
Inactive(file):     9148 kB
Unevictable:          32 kB
Mlocked:              32 kB
SwapTotal:       6459388 kB
SwapFree:              0 kB
Dirty:               528 kB
Writeback:             0 kB
AnonPages:      11500604 kB
Mapped:            18432 kB
Shmem:              1328 kB
Slab:             104820 kB
SReclaimable:      44892 kB
SUnreclaim:        59928 kB
KernelStack:       26848 kB
PageTables:        80200 kB
NFS_Unstable:          0 kB
Bounce:                0 kB
WritebackTmp:          0 kB
CommitLimit:    12602904 kB
Committed_AS:   31152872 kB
VmallocTotal:   34359738367 kB
VmallocUsed:      215552 kB
VmallocChunk:   34359310332 kB
HardwareCorrupted:     0 kB
AnonHugePages:   7286784 kB
CmaTotal:              0 kB
CmaFree:               0 kB
HugePages_Total:       0
HugePages_Free:        0
HugePages_Rsvd:        0
HugePages_Surp:        0
Hugepagesize:       2048 kB
DirectMap4k:      130880 kB
DirectMap2M:     4063232 kB
DirectMap1G:    10485760 kB


CPU:total 2 (2 cores per cpu, 1 threads per core) family 6 model 142 stepping 9, cmov, cx8, fxsr, mmx, sse, sse2, sse3, ssse3, sse4.1, sse4.2, popcnt, avx, avx2, aes, clmul, erms, 3dnowpref, lzcnt, tsc, tscinvbit, bmi1, bmi2, adx

/proc/cpuinfo:
processor	: 0
vendor_id	: GenuineIntel
cpu family	: 6
model		: 142
model name	: Intel(R) Core(TM) i7-7500U CPU @ 2.70GHz
stepping	: 9
microcode	: 0x4e
cpu MHz		: 2904.004
cache size	: 4096 KB
physical id	: 0
siblings	: 2
core id		: 0
cpu cores	: 2
apicid		: 0
initial apicid	: 0
fpu		: yes
fpu_exception	: yes
cpuid level	: 22
wp		: yes
flags		: fpu vme de pse tsc msr pae mce cx8 apic sep mtrr pge mca cmov pat pse36 clflush dts mmx fxsr sse sse2 ss ht syscall nx pdpe1gb rdtscp lm constant_tsc arch_perfmon pebs bts nopl xtopology tsc_reliable nonstop_tsc aperfmperf eagerfpu pni pclmulqdq vmx ssse3 fma cx16 pcid sse4_1 sse4_2 x2apic movbe popcnt tsc_deadline_timer aes xsave avx f16c rdrand hypervisor lahf_lm abm 3dnowprefetch ida arat epb pln pts dtherm hwp hwp_noitfy hwp_act_window hwp_epp tpr_shadow vnmi ept vpid fsgsbase tsc_adjust bmi1 avx2 smep bmi2 invpcid rdseed adx smap xsaveopt
bugs		:
bogomips	: 5808.00
clflush size	: 64
cache_alignment	: 64
address sizes	: 42 bits physical, 48 bits virtual
power management:

processor	: 1
vendor_id	: GenuineIntel
cpu family	: 6
model		: 142
model name	: Intel(R) Core(TM) i7-7500U CPU @ 2.70GHz
stepping	: 9
microcode	: 0x4e
cpu MHz		: 2904.004
cache size	: 4096 KB
physical id	: 0
siblings	: 2
core id		: 1
cpu cores	: 2
apicid		: 1
initial apicid	: 1
fpu		: yes
fpu_exception	: yes
cpuid level	: 22
wp		: yes
flags		: fpu vme de pse tsc msr pae mce cx8 apic sep mtrr pge mca cmov pat pse36 clflush dts mmx fxsr sse sse2 ss ht syscall nx pdpe1gb rdtscp lm constant_tsc arch_perfmon pebs bts nopl xtopology tsc_reliable nonstop_tsc aperfmperf eagerfpu pni pclmulqdq vmx ssse3 fma cx16 pcid sse4_1 sse4_2 x2apic movbe popcnt tsc_deadline_timer aes xsave avx f16c rdrand hypervisor lahf_lm abm 3dnowprefetch ida arat epb pln pts dtherm hwp hwp_noitfy hwp_act_window hwp_epp tpr_shadow vnmi ept vpid fsgsbase tsc_adjust bmi1 avx2 smep bmi2 invpcid rdseed adx smap xsaveopt
bugs		:
bogomips	: 5808.00
clflush size	: 64
cache_alignment	: 64
address sizes	: 42 bits physical, 48 bits virtual
power management:



Memory: 4k page, physical 12287036k(72056k free), swap 6459388k(0k free)

vm_info: Java HotSpot(TM) 64-Bit Server VM (25.111-b14) for linux-amd64 JRE (1.8.0_111-b14), built on Sep 22 2016 16:14:03 by "java_re" with gcc 4.3.0 20080428 (Red Hat 4.3.0-8)

time: Tue Jun  6 11:15:05 2017
elapsed time: 0 seconds (0d 0h 0m 0s)

