#
# There is insufficient memory for the Java Runtime Environment to continue.
# Native memory allocation (mmap) failed to map 65536000 bytes for committing reserved memory.
# Possible reasons:
#   The system is out of physical RAM or swap space
#   In 32 bit mode, the process size limit was hit
# Possible solutions:
#   Reduce memory load on the system
#   Increase physical memory or swap space
#   Check if swap backing store is full
#   Use 64 bit Java on a 64 bit OS
#   Decrease Java heap size (-Xmx/-Xms)
#   Decrease number of Java threads
#   Decrease Java thread stack sizes (-Xss)
#   Set larger code cache with -XX:ReservedCodeCacheSize=
# This output file may be truncated or incomplete.
#
#  Out of Memory Error (os_linux.cpp:2627), pid=94097, tid=0x00007f6f12d4a700
#
# JRE version:  (8.0_111-b14) (build )
# Java VM: Java HotSpot(TM) 64-Bit Server VM (25.111-b14 mixed mode linux-amd64 compressed oops)
# Failed to write core dump. Core dumps have been disabled. To enable core dumping, try "ulimit -c unlimited" before starting Java again
#

---------------  T H R E A D  ---------------

Current thread (0x00007f6f0c00a000):  JavaThread "Unknown thread" [_thread_in_vm, id=94108, stack(0x00007f6f12c4a000,0x00007f6f12d4b000)]

Stack: [0x00007f6f12c4a000,0x00007f6f12d4b000],  sp=0x00007f6f12d493c0,  free space=1020k
Native frames: (J=compiled Java code, j=interpreted, Vv=VM code, C=native code)
V  [libjvm.so+0xac5c2a]  VMError::report_and_die()+0x2ba
V  [libjvm.so+0x4fc50b]  report_vm_out_of_memory(char const*, int, unsigned long, VMErrorType, char const*)+0x8b
V  [libjvm.so+0x922ae3]  os::Linux::commit_memory_impl(char*, unsigned long, bool)+0x103
V  [libjvm.so+0x923039]  os::pd_commit_memory(char*, unsigned long, unsigned long, bool)+0x29
V  [libjvm.so+0x91d33a]  os::commit_memory(char*, unsigned long, unsigned long, bool)+0x2a
V  [libjvm.so+0x991ac3]  PSVirtualSpace::expand_by(unsigned long)+0x53
V  [libjvm.so+0x992a85]  PSYoungGen::initialize_virtual_space(ReservedSpace, unsigned long)+0x75
V  [libjvm.so+0x9933ee]  PSYoungGen::initialize(ReservedSpace, unsigned long)+0x3e
V  [libjvm.so+0x2d8895]  AdjoiningGenerations::AdjoiningGenerations(ReservedSpace, GenerationSizer*, unsigned long)+0x345
V  [libjvm.so+0x945e96]  ParallelScavengeHeap::initialize()+0x1d6
V  [libjvm.so+0xa8dd53]  Universe::initialize_heap()+0xf3
V  [libjvm.so+0xa8e2be]  universe_init()+0x3e
V  [libjvm.so+0x63c925]  init_globals()+0x65
V  [libjvm.so+0xa719be]  Threads::create_vm(JavaVMInitArgs*, bool*)+0x23e
V  [libjvm.so+0x6d11c4]  JNI_CreateJavaVM+0x74
C  [libjli.so+0x745e]  JavaMain+0x9e
C  [libpthread.so.0+0x8184]  start_thread+0xc4


---------------  P R O C E S S  ---------------

Java Threads: ( => current thread )

Other Threads:

=>0x00007f6f0c00a000 (exited) JavaThread "Unknown thread" [_thread_in_vm, id=94108, stack(0x00007f6f12c4a000,0x00007f6f12d4b000)]

VM state:not at safepoint (not fully initialized)

VM Mutex/Monitor currently owned by a thread: None

GC Heap History (0 events):
No events

Deoptimization events (0 events):
No events

Internal exceptions (0 events):
No events

Events (0 events):
No events


Dynamic libraries:
00400000-00401000 r-xp 00000000 fc:00 2636605                            /usr/lib/jvm/java-8-oracle/bin/java
00600000-00601000 rw-p 00000000 fc:00 2636605                            /usr/lib/jvm/java-8-oracle/bin/java
0079e000-007bf000 rw-p 00000000 00:00 0                                  [heap]
704800000-781800000 ---p 00000000 00:00 0 
785680000-7c0000000 ---p 00000000 00:00 0 
7f6efc0a6000-7f6efc23d000 rw-p 00000000 00:00 0 
7f6efc23d000-7f6efc819000 ---p 00000000 00:00 0 
7f6efc819000-7f6efc824000 rw-p 00000000 00:00 0 
7f6efc824000-7f6efcbda000 ---p 00000000 00:00 0 
7f6efcbda000-7f6efce4a000 rwxp 00000000 00:00 0 
7f6efce4a000-7f6f0bbda000 ---p 00000000 00:00 0 
7f6f0bbda000-7f6f0bbf4000 r-xp 00000000 fc:00 2637183                    /usr/lib/jvm/java-8-oracle/jre/lib/amd64/libzip.so
7f6f0bbf4000-7f6f0bdf4000 ---p 0001a000 fc:00 2637183                    /usr/lib/jvm/java-8-oracle/jre/lib/amd64/libzip.so
7f6f0bdf4000-7f6f0bdf5000 rw-p 0001a000 fc:00 2637183                    /usr/lib/jvm/java-8-oracle/jre/lib/amd64/libzip.so
7f6f0bdf5000-7f6f0bdff000 r-xp 00000000 fc:00 2758377                    /lib/x86_64-linux-gnu/libnss_files-2.19.so
7f6f0bdff000-7f6f0bffe000 ---p 0000a000 fc:00 2758377                    /lib/x86_64-linux-gnu/libnss_files-2.19.so
7f6f0bffe000-7f6f0bfff000 r--p 00009000 fc:00 2758377                    /lib/x86_64-linux-gnu/libnss_files-2.19.so
7f6f0bfff000-7f6f0c000000 rw-p 0000a000 fc:00 2758377                    /lib/x86_64-linux-gnu/libnss_files-2.19.so
7f6f0c000000-7f6f0c031000 rw-p 00000000 00:00 0 
7f6f0c031000-7f6f10000000 ---p 00000000 00:00 0 
7f6f100f1000-7f6f101e1000 rw-p 00000000 00:00 0 
7f6f101e1000-7f6f101ec000 r-xp 00000000 fc:00 2758369                    /lib/x86_64-linux-gnu/libnss_nis-2.19.so
7f6f101ec000-7f6f103eb000 ---p 0000b000 fc:00 2758369                    /lib/x86_64-linux-gnu/libnss_nis-2.19.so
7f6f103eb000-7f6f103ec000 r--p 0000a000 fc:00 2758369                    /lib/x86_64-linux-gnu/libnss_nis-2.19.so
7f6f103ec000-7f6f103ed000 rw-p 0000b000 fc:00 2758369                    /lib/x86_64-linux-gnu/libnss_nis-2.19.so
7f6f103ed000-7f6f10404000 r-xp 00000000 fc:00 2758365                    /lib/x86_64-linux-gnu/libnsl-2.19.so
7f6f10404000-7f6f10603000 ---p 00017000 fc:00 2758365                    /lib/x86_64-linux-gnu/libnsl-2.19.so
7f6f10603000-7f6f10604000 r--p 00016000 fc:00 2758365                    /lib/x86_64-linux-gnu/libnsl-2.19.so
7f6f10604000-7f6f10605000 rw-p 00017000 fc:00 2758365                    /lib/x86_64-linux-gnu/libnsl-2.19.so
7f6f10605000-7f6f10607000 rw-p 00000000 00:00 0 
7f6f10607000-7f6f10610000 r-xp 00000000 fc:00 2758364                    /lib/x86_64-linux-gnu/libnss_compat-2.19.so
7f6f10610000-7f6f1080f000 ---p 00009000 fc:00 2758364                    /lib/x86_64-linux-gnu/libnss_compat-2.19.so
7f6f1080f000-7f6f10810000 r--p 00008000 fc:00 2758364                    /lib/x86_64-linux-gnu/libnss_compat-2.19.so
7f6f10810000-7f6f10811000 rw-p 00009000 fc:00 2758364                    /lib/x86_64-linux-gnu/libnss_compat-2.19.so
7f6f10811000-7f6f1083c000 r-xp 00000000 fc:00 2637217                    /usr/lib/jvm/java-8-oracle/jre/lib/amd64/libjava.so
7f6f1083c000-7f6f10a3b000 ---p 0002b000 fc:00 2637217                    /usr/lib/jvm/java-8-oracle/jre/lib/amd64/libjava.so
7f6f10a3b000-7f6f10a3d000 rw-p 0002a000 fc:00 2637217                    /usr/lib/jvm/java-8-oracle/jre/lib/amd64/libjava.so
7f6f10a3d000-7f6f10a4a000 r-xp 00000000 fc:00 2637229                    /usr/lib/jvm/java-8-oracle/jre/lib/amd64/libverify.so
7f6f10a4a000-7f6f10c49000 ---p 0000d000 fc:00 2637229                    /usr/lib/jvm/java-8-oracle/jre/lib/amd64/libverify.so
7f6f10c49000-7f6f10c4b000 rw-p 0000c000 fc:00 2637229                    /usr/lib/jvm/java-8-oracle/jre/lib/amd64/libverify.so
7f6f10c4b000-7f6f10c52000 r-xp 00000000 fc:00 2758373                    /lib/x86_64-linux-gnu/librt-2.19.so
7f6f10c52000-7f6f10e51000 ---p 00007000 fc:00 2758373                    /lib/x86_64-linux-gnu/librt-2.19.so
7f6f10e51000-7f6f10e52000 r--p 00006000 fc:00 2758373                    /lib/x86_64-linux-gnu/librt-2.19.so
7f6f10e52000-7f6f10e53000 rw-p 00007000 fc:00 2758373                    /lib/x86_64-linux-gnu/librt-2.19.so
7f6f10e53000-7f6f10f58000 r-xp 00000000 fc:00 2758359                    /lib/x86_64-linux-gnu/libm-2.19.so
7f6f10f58000-7f6f11157000 ---p 00105000 fc:00 2758359                    /lib/x86_64-linux-gnu/libm-2.19.so
7f6f11157000-7f6f11158000 r--p 00104000 fc:00 2758359                    /lib/x86_64-linux-gnu/libm-2.19.so
7f6f11158000-7f6f11159000 rw-p 00105000 fc:00 2758359                    /lib/x86_64-linux-gnu/libm-2.19.so
7f6f11159000-7f6f11e26000 r-xp 00000000 fc:00 2637213                    /usr/lib/jvm/java-8-oracle/jre/lib/amd64/server/libjvm.so
7f6f11e26000-7f6f12025000 ---p 00ccd000 fc:00 2637213                    /usr/lib/jvm/java-8-oracle/jre/lib/amd64/server/libjvm.so
7f6f12025000-7f6f120fe000 rw-p 00ccc000 fc:00 2637213                    /usr/lib/jvm/java-8-oracle/jre/lib/amd64/server/libjvm.so
7f6f120fe000-7f6f12149000 rw-p 00000000 00:00 0 
7f6f12149000-7f6f12303000 r-xp 00000000 fc:00 2758374                    /lib/x86_64-linux-gnu/libc-2.19.so
7f6f12303000-7f6f12503000 ---p 001ba000 fc:00 2758374                    /lib/x86_64-linux-gnu/libc-2.19.so
7f6f12503000-7f6f12507000 r--p 001ba000 fc:00 2758374                    /lib/x86_64-linux-gnu/libc-2.19.so
7f6f12507000-7f6f12509000 rw-p 001be000 fc:00 2758374                    /lib/x86_64-linux-gnu/libc-2.19.so
7f6f12509000-7f6f1250e000 rw-p 00000000 00:00 0 
7f6f1250e000-7f6f12511000 r-xp 00000000 fc:00 2758361                    /lib/x86_64-linux-gnu/libdl-2.19.so
7f6f12511000-7f6f12710000 ---p 00003000 fc:00 2758361                    /lib/x86_64-linux-gnu/libdl-2.19.so
7f6f12710000-7f6f12711000 r--p 00002000 fc:00 2758361                    /lib/x86_64-linux-gnu/libdl-2.19.so
7f6f12711000-7f6f12712000 rw-p 00003000 fc:00 2758361                    /lib/x86_64-linux-gnu/libdl-2.19.so
7f6f12712000-7f6f12727000 r-xp 00000000 fc:00 2890300                    /usr/lib/jvm/java-8-oracle/lib/amd64/jli/libjli.so
7f6f12727000-7f6f12927000 ---p 00015000 fc:00 2890300                    /usr/lib/jvm/java-8-oracle/lib/amd64/jli/libjli.so
7f6f12927000-7f6f12928000 rw-p 00015000 fc:00 2890300                    /usr/lib/jvm/java-8-oracle/lib/amd64/jli/libjli.so
7f6f12928000-7f6f12941000 r-xp 00000000 fc:00 2758366                    /lib/x86_64-linux-gnu/libpthread-2.19.so
7f6f12941000-7f6f12b40000 ---p 00019000 fc:00 2758366                    /lib/x86_64-linux-gnu/libpthread-2.19.so
7f6f12b40000-7f6f12b41000 r--p 00018000 fc:00 2758366                    /lib/x86_64-linux-gnu/libpthread-2.19.so
7f6f12b41000-7f6f12b42000 rw-p 00019000 fc:00 2758366                    /lib/x86_64-linux-gnu/libpthread-2.19.so
7f6f12b42000-7f6f12b46000 rw-p 00000000 00:00 0 
7f6f12b46000-7f6f12b69000 r-xp 00000000 fc:00 2758367                    /lib/x86_64-linux-gnu/ld-2.19.so
7f6f12c4a000-7f6f12c4d000 ---p 00000000 00:00 0 
7f6f12c4d000-7f6f12d4f000 rw-p 00000000 00:00 0                          [stack:94108]
7f6f12d59000-7f6f12d5c000 rw-p 00000000 00:00 0 
7f6f12d5c000-7f6f12d64000 rw-s 00000000 fc:00 1346711                    /tmp/hsperfdata_root/94097
7f6f12d64000-7f6f12d65000 rw-p 00000000 00:00 0 
7f6f12d65000-7f6f12d66000 r--p 00000000 00:00 0 
7f6f12d66000-7f6f12d68000 rw-p 00000000 00:00 0 
7f6f12d68000-7f6f12d69000 r--p 00022000 fc:00 2758367                    /lib/x86_64-linux-gnu/ld-2.19.so
7f6f12d69000-7f6f12d6a000 rw-p 00023000 fc:00 2758367                    /lib/x86_64-linux-gnu/ld-2.19.so
7f6f12d6a000-7f6f12d6b000 rw-p 00000000 00:00 0 
7ffd11880000-7ffd118a1000 rw-p 00000000 00:00 0                          [stack]
7ffd11983000-7ffd11985000 r--p 00000000 00:00 0                          [vvar]
7ffd11985000-7ffd11987000 r-xp 00000000 00:00 0                          [vdso]
ffffffffff600000-ffffffffff601000 r-xp 00000000 00:00 0                  [vsyscall]

VM Arguments:
jvm_args: -Dclassworlds.conf=/usr/share/maven/bin/m2.conf -Dmaven.home=/usr/share/maven 
java_command: org.codehaus.plexus.classworlds.launcher.Launcher -f /home/ubuntu/research/commons-text/pom.xml test
java_class_path (initial): /usr/share/maven/boot/plexus-classworlds-2.x.jar
Launcher Type: SUN_STANDARD

Environment Variables:
JAVA_HOME=/usr/lib/jvm/java-8-oracle
PATH=/opt/bin:/opt/bin:/opt/bin:/opt/bin:/opt/bin:/opt/bin:/usr/local/sbin:/usr/local/bin:/usr/sbin:/usr/bin:/sbin:/bin:/usr/games:/usr/local/games
LD_LIBRARY_PATH=/home/ubuntu/tools/idea-IU-162.2032.8/bin:
SHELL=/bin/bash
DISPLAY=:0

Signal Handlers:
SIGSEGV: [libjvm.so+0xac64b0], sa_mask[0]=11111111011111111101111111111110, sa_flags=SA_RESTART|SA_SIGINFO
SIGBUS: [libjvm.so+0xac64b0], sa_mask[0]=11111111011111111101111111111110, sa_flags=SA_RESTART|SA_SIGINFO
SIGFPE: [libjvm.so+0x91f950], sa_mask[0]=11111111011111111101111111111110, sa_flags=SA_RESTART|SA_SIGINFO
SIGPIPE: [libjvm.so+0x91f950], sa_mask[0]=11111111011111111101111111111110, sa_flags=SA_RESTART|SA_SIGINFO
SIGXFSZ: [libjvm.so+0x91f950], sa_mask[0]=11111111011111111101111111111110, sa_flags=SA_RESTART|SA_SIGINFO
SIGILL: [libjvm.so+0x91f950], sa_mask[0]=11111111011111111101111111111110, sa_flags=SA_RESTART|SA_SIGINFO
SIGUSR1: SIG_DFL, sa_mask[0]=00000000000000000000000000000000, sa_flags=none
SIGUSR2: [libjvm.so+0x920f80], sa_mask[0]=00100000000000000000000000000000, sa_flags=SA_RESTART|SA_SIGINFO
SIGHUP: SIG_DFL, sa_mask[0]=00000000000000000000000000000000, sa_flags=none
SIGINT: SIG_DFL, sa_mask[0]=00000000000000000000000000000000, sa_flags=none
SIGTERM: SIG_DFL, sa_mask[0]=00000000000000000000000000000000, sa_flags=none
SIGQUIT: SIG_DFL, sa_mask[0]=00000000000000000000000000000000, sa_flags=none


---------------  S Y S T E M  ---------------

OS:DISTRIB_ID=Ubuntu
DISTRIB_RELEASE=14.04
DISTRIB_CODENAME=trusty
DISTRIB_DESCRIPTION="Ubuntu 14.04.4 LTS"

uname:Linux 4.2.0-27-generic #32~14.04.1-Ubuntu SMP Fri Jan 22 15:32:26 UTC 2016 x86_64
libc:glibc 2.19 NPTL 2.19 
rlimit: STACK 8192k, CORE 0k, NPROC 47909, NOFILE 4096, AS infinity
load average:28.36 21.90 19.89

/proc/meminfo:
MemTotal:       12287036 kB
MemFree:          403316 kB
MemAvailable:     427648 kB
Buffers:             884 kB
Cached:            30504 kB
SwapCached:         2124 kB
Active:          9679064 kB
Inactive:        1555172 kB
Active(anon):    9670172 kB
Inactive(anon):  1535608 kB
Active(file):       8892 kB
Inactive(file):    19564 kB
Unevictable:          32 kB
Mlocked:              32 kB
SwapTotal:       6459388 kB
SwapFree:           2864 kB
Dirty:               344 kB
Writeback:            36 kB
AnonPages:      11199356 kB
Mapped:            22164 kB
Shmem:              2652 kB
Slab:             102304 kB
SReclaimable:      44976 kB
SUnreclaim:        57328 kB
KernelStack:       22864 kB
PageTables:        75296 kB
NFS_Unstable:          0 kB
Bounce:                0 kB
WritebackTmp:          0 kB
CommitLimit:    12602904 kB
Committed_AS:   28235996 kB
VmallocTotal:   34359738367 kB
VmallocUsed:      215512 kB
VmallocChunk:   34359310332 kB
HardwareCorrupted:     0 kB
AnonHugePages:   8267776 kB
CmaTotal:              0 kB
CmaFree:               0 kB
HugePages_Total:       0
HugePages_Free:        0
HugePages_Rsvd:        0
HugePages_Surp:        0
Hugepagesize:       2048 kB
DirectMap4k:      130880 kB
DirectMap2M:     4063232 kB
DirectMap1G:    10485760 kB


CPU:total 2 (2 cores per cpu, 1 threads per core) family 6 model 142 stepping 9, cmov, cx8, fxsr, mmx, sse, sse2, sse3, ssse3, sse4.1, sse4.2, popcnt, avx, avx2, aes, clmul, erms, 3dnowpref, lzcnt, tsc, tscinvbit, bmi1, bmi2, adx

/proc/cpuinfo:
processor	: 0
vendor_id	: GenuineIntel
cpu family	: 6
model		: 142
model name	: Intel(R) Core(TM) i7-7500U CPU @ 2.70GHz
stepping	: 9
microcode	: 0x4e
cpu MHz		: 2904.004
cache size	: 4096 KB
physical id	: 0
siblings	: 2
core id		: 0
cpu cores	: 2
apicid		: 0
initial apicid	: 0
fpu		: yes
fpu_exception	: yes
cpuid level	: 22
wp		: yes
flags		: fpu vme de pse tsc msr pae mce cx8 apic sep mtrr pge mca cmov pat pse36 clflush dts mmx fxsr sse sse2 ss ht syscall nx pdpe1gb rdtscp lm constant_tsc arch_perfmon pebs bts nopl xtopology tsc_reliable nonstop_tsc aperfmperf eagerfpu pni pclmulqdq vmx ssse3 fma cx16 pcid sse4_1 sse4_2 x2apic movbe popcnt tsc_deadline_timer aes xsave avx f16c rdrand hypervisor lahf_lm abm 3dnowprefetch ida arat epb pln pts dtherm hwp hwp_noitfy hwp_act_window hwp_epp tpr_shadow vnmi ept vpid fsgsbase tsc_adjust bmi1 avx2 smep bmi2 invpcid rdseed adx smap xsaveopt
bugs		:
bogomips	: 5808.00
clflush size	: 64
cache_alignment	: 64
address sizes	: 42 bits physical, 48 bits virtual
power management:

processor	: 1
vendor_id	: GenuineIntel
cpu family	: 6
model		: 142
model name	: Intel(R) Core(TM) i7-7500U CPU @ 2.70GHz
stepping	: 9
microcode	: 0x4e
cpu MHz		: 2904.004
cache size	: 4096 KB
physical id	: 0
siblings	: 2
core id		: 1
cpu cores	: 2
apicid		: 1
initial apicid	: 1
fpu		: yes
fpu_exception	: yes
cpuid level	: 22
wp		: yes
flags		: fpu vme de pse tsc msr pae mce cx8 apic sep mtrr pge mca cmov pat pse36 clflush dts mmx fxsr sse sse2 ss ht syscall nx pdpe1gb rdtscp lm constant_tsc arch_perfmon pebs bts nopl xtopology tsc_reliable nonstop_tsc aperfmperf eagerfpu pni pclmulqdq vmx ssse3 fma cx16 pcid sse4_1 sse4_2 x2apic movbe popcnt tsc_deadline_timer aes xsave avx f16c rdrand hypervisor lahf_lm abm 3dnowprefetch ida arat epb pln pts dtherm hwp hwp_noitfy hwp_act_window hwp_epp tpr_shadow vnmi ept vpid fsgsbase tsc_adjust bmi1 avx2 smep bmi2 invpcid rdseed adx smap xsaveopt
bugs		:
bogomips	: 5808.00
clflush size	: 64
cache_alignment	: 64
address sizes	: 42 bits physical, 48 bits virtual
power management:



Memory: 4k page, physical 12287036k(402448k free), swap 6459388k(2920k free)

vm_info: Java HotSpot(TM) 64-Bit Server VM (25.111-b14) for linux-amd64 JRE (1.8.0_111-b14), built on Sep 22 2016 16:14:03 by "java_re" with gcc 4.3.0 20080428 (Red Hat 4.3.0-8)

time: Tue Jun  6 06:38:24 2017
elapsed time: 6 seconds (0d 0h 0m 6s)

