#
# A fatal error has been detected by the Java Runtime Environment:
#
#  SIGBUS (0x7) at pc=0x00007f3249758a32, pid=20568, tid=0x00007f322ecca700
#
# JRE version: Java(TM) SE Runtime Environment (8.0_111-b14) (build 1.8.0_111-b14)
# Java VM: Java HotSpot(TM) 64-Bit Server VM (25.111-b14 mixed mode linux-amd64 compressed oops)
# Problematic frame:
# C  [libzip.so+0x11a32]  newEntry+0x62
#
# Failed to write core dump. Core dumps have been disabled. To enable core dumping, try "ulimit -c unlimited" before starting Java again
#
# If you would like to submit a bug report, please visit:
#   http://bugreport.java.com/bugreport/crash.jsp
# The crash happened outside the Java Virtual Machine in native code.
# See problematic frame for where to report the bug.
#

---------------  T H R E A D  ---------------

Current thread (0x00007f32442c4800):  JavaThread "Test Watch Dog: testAttachDetach" [_thread_in_native, id=20589, stack(0x00007f322ebca000,0x00007f322eccb000)]

siginfo: si_signo: 7 (SIGBUS), si_code: 2 (BUS_ADRERR), si_addr: 0x00007f324800c13d

Registers:
RAX=0x00007f32080a8cf0, RBX=0x00007f324417c670, RCX=0x00007f3208000020, RDX=0x00007f32080a8cf0
RSP=0x00007f322ecc6850, RBP=0x00007f322ecc68a0, RSI=0x00007f3208000038, RDI=0x00007f32080a8c10
R8 =0x0000000000000003, R9 =0x00007f322ecc6920, R10=0x00007f323512ed58, R11=0x00007f324bc5c550
R12=0x00007f324800c120, R13=0x00007f32080a8cf0, R14=0x00000000e5114676, R15=0x00007f324417ba20
RIP=0x00007f3249758a32, EFLAGS=0x0000000000010202, CSGSFS=0x0000000000000033, ERR=0x0000000000000004
  TRAPNO=0x000000000000000e

Top of Stack: (sp=0x00007f322ecc6850)
0x00007f322ecc6850:   00007f3234a00dc8 00007f3200000000
0x00007f322ecc6860:   00000001000007a8 00007f324b3c3b4e
0x00007f322ecc6870:   00007f32080a8cf0 00007f324417c670
0x00007f322ecc6880:   00007f32080a6f00 00007f324417ba20
0x00007f322ecc6890:   00000000e5114676 0000000000000035
0x00007f322ecc68a0:   00007f322ecc6900 00007f324975918f
0x00007f322ecc68b0:   00007f32442c4800 0100000000000000
0x00007f322ecc68c0:   00007f322ecc6920 00007f322ecc6956
0x00007f322ecc68d0:   00007f322ecc6954 00007f322ecc6920
0x00007f322ecc68e0:   0000000000000035 00007f32442c49f8
0x00007f322ecc68f0:   00007f322ecc6d78 0000000000000001
0x00007f322ecc6900:   00007f322ecc6d60 00007f324974aec0
0x00007f322ecc6910:   00007f3234a00dc8 00007f324417ba20
0x00007f322ecc6920:   6e65706f2f67726f 2f7477612f656469
0x00007f322ecc6930:   6165536b63697551 7261655324686372
0x00007f322ecc6940:   4c646c6569466863 2e72656e65747369
0x00007f322ecc6950:   0000007373616c63 00007f324b1b76ff
0x00007f322ecc6960:   0636f400b42b0536 2d27009af500b62a
0x00007f322ecc6970:   00007f3234a00dc8 00007f32442c4800
0x00007f322ecc6980:   00007f3234a00dc8 00007f32442c4800
0x00007f322ecc6990:   00007f32442c4900 00007f3234a00dc8
0x00007f322ecc69a0:   00007f324adbde90 00007f322ecc6aa0
0x00007f322ecc69b0:   0000000000000003 00007f32442c1c40
0x00007f322ecc69c0:   0000015c3c75156c 00007f3234a00dc8
0x00007f322ecc69d0:   00007f3234a00dc8 00000000000003aa
0x00007f322ecc69e0:   00007f322ecc6a70 00007f324adbdfb1
0x00007f322ecc69f0:   00007f32442c4800 00007f32442c4800
0x00007f322ecc6a00:   00007f32442c4800 00000003442c1c40
0x00007f322ecc6a10:   000003aaffffffff 0000015c3c751687
0x00007f322ecc6a20:   00007f3234a00dc8 00007f32442c4800
0x00007f322ecc6a30:   00007f3234a00dc8 00007f32442c4800
0x00007f322ecc6a40:   00007f322ecc6a90 00007f322ecc6aa0 

Instructions: (pc=0x00007f3249758a32)
0x00007f3249758a12:   00 48 c7 40 28 00 00 00 00 41 80 7f 30 00 0f 84
0x00007f3249758a22:   8a 02 00 00 4c 8b 63 08 4d 2b 67 28 4d 03 67 18
0x00007f3249758a32:   41 0f b6 5c 24 1d 41 0f b6 44 24 1c c1 e3 08 09
0x00007f3249758a42:   c3 41 0f b6 44 24 1e 88 45 bd 41 0f b6 54 24 20 

Register to memory mapping:

RAX=0x00007f32080a8cf0 is an unknown value
RBX=0x00007f324417c670 is an unknown value
RCX=0x00007f3208000020 is an unknown value
RDX=0x00007f32080a8cf0 is an unknown value
RSP=0x00007f322ecc6850 is pointing into the stack for thread: 0x00007f32442c4800
RBP=0x00007f322ecc68a0 is pointing into the stack for thread: 0x00007f32442c4800
RSI=0x00007f3208000038 is an unknown value
RDI=0x00007f32080a8c10 is an unknown value
R8 =0x0000000000000003 is an unknown value
R9 =0x00007f322ecc6920 is pointing into the stack for thread: 0x00007f32442c4800
R10=0x00007f323512ed58 is at entry_point+88 in (nmethod*)0x00007f323512eb90
R11=0x00007f324bc5c550: <offset 0x187550> in /lib/x86_64-linux-gnu/libc.so.6 at 0x00007f324bad5000
R12=0x00007f324800c120 is an unknown value
R13=0x00007f32080a8cf0 is an unknown value
R14=